Determining if the Q_WS_WIN exist failed with the following output:
Change Dir: /home/daniel/Git/cg-work/cg-build/CMakeFiles/CMakeTmp

Run Build Command:/usr/bin/make "cmTryCompileExec4253739751/fast"
/usr/bin/make -f CMakeFiles/cmTryCompileExec4253739751.dir/build.make CMakeFiles/cmTryCompileExec4253739751.dir/build
make[1]: Entering directory `/home/daniel/Git/cg-work/cg-build/CMakeFiles/CMakeTmp'
/usr/bin/cmake -E cmake_progress_report /home/daniel/Git/cg-work/cg-build/CMakeFiles/CMakeTmp/CMakeFiles 1
Building CXX object CMakeFiles/cmTryCompileExec4253739751.dir/CheckSymbolExists.cxx.o
/usr/bin/c++    -std=c++0x -Wall   -I/usr/include/qt4    -o CMakeFiles/cmTryCompileExec4253739751.dir/CheckSymbolExists.cxx.o -c /home/daniel/Git/cg-work/cg-build/CMakeFiles/CMakeTmp/CheckSymbolExists.cxx
/home/daniel/Git/cg-work/cg-build/CMakeFiles/CMakeTmp/CheckSymbolExists.cxx: In function ‘int main(int, char**)’:
/home/daniel/Git/cg-work/cg-build/CMakeFiles/CMakeTmp/CheckSymbolExists.cxx:8:19: error: ‘Q_WS_WIN’ was not declared in this scope
make[1]: *** [CMakeFiles/cmTryCompileExec4253739751.dir/CheckSymbolExists.cxx.o] Error 1
make[1]: Leaving directory `/home/daniel/Git/cg-work/cg-build/CMakeFiles/CMakeTmp'
make: *** [cmTryCompileExec4253739751/fast] Error 2

File /home/daniel/Git/cg-work/cg-build/CMakeFiles/CMakeTmp/CheckSymbolExists.cxx:
/* */
#include <QtCore/qglobal.h>

int main(int argc, char** argv)
{
  (void)argv;
#ifndef Q_WS_WIN
  return ((int*)(&Q_WS_WIN))[argc];
#else
  (void)argc;
  return 0;
#endif
}

Determining if the Q_WS_QWS exist failed with the following output:
Change Dir: /home/daniel/Git/cg-work/cg-build/CMakeFiles/CMakeTmp

Run Build Command:/usr/bin/make "cmTryCompileExec2359490729/fast"
/usr/bin/make -f CMakeFiles/cmTryCompileExec2359490729.dir/build.make CMakeFiles/cmTryCompileExec2359490729.dir/build
make[1]: Entering directory `/home/daniel/Git/cg-work/cg-build/CMakeFiles/CMakeTmp'
/usr/bin/cmake -E cmake_progress_report /home/daniel/Git/cg-work/cg-build/CMakeFiles/CMakeTmp/CMakeFiles 1
Building CXX object CMakeFiles/cmTryCompileExec2359490729.dir/CheckSymbolExists.cxx.o
/usr/bin/c++    -std=c++0x -Wall   -I/usr/include/qt4    -o CMakeFiles/cmTryCompileExec2359490729.dir/CheckSymbolExists.cxx.o -c /home/daniel/Git/cg-work/cg-build/CMakeFiles/CMakeTmp/CheckSymbolExists.cxx
/home/daniel/Git/cg-work/cg-build/CMakeFiles/CMakeTmp/CheckSymbolExists.cxx: In function ‘int main(int, char**)’:
/home/daniel/Git/cg-work/cg-build/CMakeFiles/CMakeTmp/CheckSymbolExists.cxx:8:19: error: ‘Q_WS_QWS’ was not declared in this scope
make[1]: Leaving directory `/home/daniel/Git/cg-work/cg-build/CMakeFiles/CMakeTmp'
make[1]: *** [CMakeFiles/cmTryCompileExec2359490729.dir/CheckSymbolExists.cxx.o] Error 1
make: *** [cmTryCompileExec2359490729/fast] Error 2

File /home/daniel/Git/cg-work/cg-build/CMakeFiles/CMakeTmp/CheckSymbolExists.cxx:
/* */
#include <QtCore/qglobal.h>

int main(int argc, char** argv)
{
  (void)argv;
#ifndef Q_WS_QWS
  return ((int*)(&Q_WS_QWS))[argc];
#else
  (void)argc;
  return 0;
#endif
}

Determining if the Q_WS_MAC exist failed with the following output:
Change Dir: /home/daniel/Git/cg-work/cg-build/CMakeFiles/CMakeTmp

Run Build Command:/usr/bin/make "cmTryCompileExec333641168/fast"
/usr/bin/make -f CMakeFiles/cmTryCompileExec333641168.dir/build.make CMakeFiles/cmTryCompileExec333641168.dir/build
make[1]: Entering directory `/home/daniel/Git/cg-work/cg-build/CMakeFiles/CMakeTmp'
/usr/bin/cmake -E cmake_progress_report /home/daniel/Git/cg-work/cg-build/CMakeFiles/CMakeTmp/CMakeFiles 1
Building CXX object CMakeFiles/cmTryCompileExec333641168.dir/CheckSymbolExists.cxx.o
/usr/bin/c++    -std=c++0x -Wall   -I/usr/include/qt4    -o CMakeFiles/cmTryCompileExec333641168.dir/CheckSymbolExists.cxx.o -c /home/daniel/Git/cg-work/cg-build/CMakeFiles/CMakeTmp/CheckSymbolExists.cxx
/home/daniel/Git/cg-work/cg-build/CMakeFiles/CMakeTmp/CheckSymbolExists.cxx: In function ‘int main(int, char**)’:
/home/daniel/Git/cg-work/cg-build/CMakeFiles/CMakeTmp/CheckSymbolExists.cxx:8:19: error: ‘Q_WS_MAC’ was not declared in this scope
make[1]: *** [CMakeFiles/cmTryCompileExec333641168.dir/CheckSymbolExists.cxx.o] Error 1
make[1]: Leaving directory `/home/daniel/Git/cg-work/cg-build/CMakeFiles/CMakeTmp'
make: *** [cmTryCompileExec333641168/fast] Error 2

File /home/daniel/Git/cg-work/cg-build/CMakeFiles/CMakeTmp/CheckSymbolExists.cxx:
/* */
#include <QtCore/qglobal.h>

int main(int argc, char** argv)
{
  (void)argv;
#ifndef Q_WS_MAC
  return ((int*)(&Q_WS_MAC))[argc];
#else
  (void)argc;
  return 0;
#endif
}

